<?xml version="1.0" encoding="UTF-8"?>
<!-- Generated by org.testng.reporters.JUnitXMLReporter -->
<testsuite ignored="0" hostname="DESKTOP-VBUECEK" failures="0" tests="1" name="Test-2" time="57.933" errors="0" timestamp="2024-06-06T10:07:15 IST">
  <testcase classname="com.comcast.crm.contactTest.CreateContactTest" name="createcontactTest" time="28.293"/>
</testsuite> <!-- Test-2 -->
