<?xml version="1.0" encoding="UTF-8"?>
<!-- Generated by org.testng.reporters.JUnitReportReporter -->
<testsuite hostname="DESKTOP-VBUECEK" failures="0" tests="1" name="ScreenShort.RetryAnalyzer" time="0.018" errors="0" timestamp="2024-06-07T15:57:50 IST" skipped="0">
  <testcase classname="ScreenShort.RetryAnalyzer" name="ActivateSim" time="0.018"/>
  <system-out/>
</testsuite> <!-- ScreenShort.RetryAnalyzer -->
