<?xml version="1.0" encoding="UTF-8"?>
<!-- Generated by org.testng.reporters.JUnitReportReporter -->
<testsuite hostname="DESKTOP-VBUECEK" failures="0" tests="3" name="Practice.testng.GetProductInfoTest" time="75.223" errors="0" timestamp="2024-06-03T10:15:01 IST" skipped="0">
  <testcase classname="Practice.testng.GetProductInfoTest" name="getProduct" time="19.548"/>
  <system-out/>
  <testcase classname="Practice.testng.GetProductInfoTest" name="getProduct" time="24.589"/>
  <system-out/>
  <testcase classname="Practice.testng.GetProductInfoTest" name="getProduct" time="31.086"/>
  <system-out/>
</testsuite> <!-- Practice.testng.GetProductInfoTest -->
