<?xml version="1.0" encoding="UTF-8"?>
<!-- Generated by org.testng.reporters.JUnitReportReporter -->
<testsuite hostname="DESKTOP-VBUECEK" failures="0" tests="1" name="com.comcast.crm.orgtest.CreateOragnizationwithPhoneNumberTest" time="47.706" errors="0" timestamp="2024-06-04T17:23:49 IST" skipped="0">
  <testcase classname="com.comcast.crm.orgtest.CreateOragnizationwithPhoneNumberTest" name="CreateOrgPnoNum" time="47.706"/>
  <system-out/>
</testsuite> <!-- com.comcast.crm.orgtest.CreateOragnizationwithPhoneNumberTest -->
