<?xml version="1.0" encoding="UTF-8"?>
<!-- Generated by org.testng.reporters.JUnitReportReporter -->
<testsuite hostname="DESKTOP-VBUECEK" failures="0" tests="1" name="ExtentReport.SampleReportTest" time="20.552" errors="0" timestamp="2024-06-11T17:08:35 IST" skipped="0">
  <testcase classname="ExtentReport.SampleReportTest" name="createContactTest" time="20.552"/>
  <system-out/>
</testsuite> <!-- ExtentReport.SampleReportTest -->
