<?xml version="1.0" encoding="UTF-8"?>
<!-- Generated by org.testng.reporters.JUnitReportReporter -->
<testsuite hostname="DESKTOP-VBUECEK" failures="0" tests="2" name="com.crm.comcast.orgTest.CreateOrgTest" time="0.015" errors="0" timestamp="2024-06-03T14:30:36 IST" skipped="0">
  <testcase classname="com.crm.comcast.orgTest.CreateOrgTest" name="createContact" time="0.012"/>
  <system-out/>
  <testcase classname="com.crm.comcast.orgTest.CreateOrgTest" name="createContactWSD" time="0.003"/>
  <system-out/>
</testsuite> <!-- com.crm.comcast.orgTest.CreateOrgTest -->
