<?xml version="1.0" encoding="UTF-8"?>
<!-- Generated by org.testng.reporters.JUnitReportReporter -->
<testsuite hostname="DESKTOP-VBUECEK" failures="0" tests="2" name="Practice.testng.ContactTest" time="0.015" errors="0" timestamp="2024-06-01T11:51:47 IST" skipped="0">
  <testcase classname="Practice.testng.ContactTest" name="modifyContactTest" time="0.001"/>
  <system-out/>
  <testcase classname="Practice.testng.ContactTest" name="createContacttest" time="0.014"/>
  <system-out/>
</testsuite> <!-- Practice.testng.ContactTest -->
