<?xml version="1.0" encoding="UTF-8"?>
<!-- Generated by org.testng.reporters.JUnitReportReporter -->
<testsuite hostname="DESKTOP-VBUECEK" failures="0" tests="1" name="POM.WithPomStaleElementException" time="38.334" errors="0" timestamp="2024-05-29T10:07:23 IST" skipped="0">
  <testcase classname="POM.WithPomStaleElementException" name="sampleTest" time="38.334"/>
  <system-out/>
</testsuite> <!-- POM.WithPomStaleElementException -->
