<?xml version="1.0" encoding="UTF-8"?>
<!-- Generated by org.testng.reporters.JUnitReportReporter -->
<testsuite hostname="DESKTOP-VBUECEK" failures="0" tests="2" name="Practice.testng.SampleTest" time="0.026" errors="0" timestamp="2024-06-01T10:27:18 IST" skipped="0">
  <testcase classname="Practice.testng.SampleTest" name="createContact" time="0.021"/>
  <system-out/>
  <testcase classname="Practice.testng.SampleTest" name="test1" time="0.005"/>
  <system-out/>
</testsuite> <!-- Practice.testng.SampleTest -->
