<?xml version="1.0" encoding="UTF-8"?>
<!-- Generated by org.testng.reporters.JUnitReportReporter -->
<testsuite hostname="DESKTOP-VBUECEK" failures="0" tests="1" name="com.comcast.crm.contactTest.CreateContactTest" time="42.352" errors="0" timestamp="2024-06-07T14:43:37 IST" skipped="0">
  <testcase classname="com.comcast.crm.contactTest.CreateContactTest" name="createcontactTest" time="42.352"/>
  <system-out/>
</testsuite> <!-- com.comcast.crm.contactTest.CreateContactTest -->
