<?xml version="1.0" encoding="UTF-8"?>
<!-- Generated by org.testng.reporters.JUnitReportReporter -->
<testsuite hostname="DESKTOP-VBUECEK" failures="0" tests="1" name="ScreenShort.SampleTestForScreenShort" time="15.964" errors="0" timestamp="2024-06-07T14:51:21 IST" skipped="0">
  <testcase classname="ScreenShort.SampleTestForScreenShort" name="amazonTest" time="15.964"/>
  <system-out/>
</testsuite> <!-- ScreenShort.SampleTestForScreenShort -->
