<?xml version="1.0" encoding="UTF-8"?>
<!-- Generated by org.testng.reporters.JUnitReportReporter -->
<testsuite hostname="DESKTOP-VBUECEK" failures="0" tests="1" name="com.comcast.crm.contactTest.CreateContactWithOrgTest" time="40.163" errors="0" timestamp="2024-06-05T11:03:58 IST" skipped="0">
  <testcase classname="com.comcast.crm.contactTest.CreateContactWithOrgTest" name="CCOrgTest" time="40.163"/>
  <system-out/>
</testsuite> <!-- com.comcast.crm.contactTest.CreateContactWithOrgTest -->
