<?xml version="1.0" encoding="UTF-8"?>
<!-- Generated by org.testng.reporters.JUnitReportReporter -->
<testsuite hostname="DESKTOP-VBUECEK" failures="0" tests="1" name="com.comcast.crm.contactTest.Demo" time="26.376" errors="0" timestamp="2024-06-14T11:37:28 IST" skipped="0">
  <testcase classname="com.comcast.crm.contactTest.Demo" name="simple" time="26.376"/>
  <system-out/>
</testsuite> <!-- com.comcast.crm.contactTest.Demo -->
